[18:55:51] [main/INFO] (FabricLoader/GameProvider) Loading Minecraft 1.19.2 with Fabric Loader 0.14.19
[18:55:52] [main/INFO] (FabricLoader) Loading 72 mods:
	- appleskin 2.4.1+mc1.19
	   \-- cloth-config 7.0.65
	        \-- cloth-basic-math 0.6.1
	- enchancement 1.19-19
	   |-- cardinal-components-base 5.0.2
	   |-- cardinal-components-entity 5.0.2
	   |-- cardinal-components-world 5.0.2
	   |-- midnightlib 1.0.0
	   |-- org_joml_joml 1.10.4
	   \-- step-height-entity-attribute 1.0.0
	- fabric-api 0.77.0+1.19.2
	   |-- fabric-command-api-v1 1.2.16+f71b366f90
	   |-- fabric-commands-v0 0.2.33+df3654b390
	   |-- fabric-containers-v0 0.1.42+df3654b390
	   |-- fabric-events-lifecycle-v0 0.2.36+df3654b390
	   |-- fabric-keybindings-v0 0.2.23+df3654b390
	   |-- fabric-loot-tables-v1 1.1.16+9e7660c690
	   |-- fabric-networking-v0 0.3.29+df3654b390
	   |-- fabric-recipe-api-v1 1.0.2+413cbbc790
	   |-- fabric-renderer-registries-v1 3.2.25+df3654b390
	   \-- fabric-rendering-v0 1.1.28+df3654b390
	- fabric-api-base 0.4.13+0d0f210290
	- fabric-api-lookup-api-v1 1.6.12+93d8cb8290
	- fabric-biome-api-v1 9.0.20+0d0f210290
	- fabric-block-api-v1 1.0.1+12bfe4ea90
	- fabric-blockrenderlayer-v1 1.1.22+c6af733c90
	- fabric-client-tags-api-v1 1.0.3+b35fea8390
	- fabric-command-api-v2 2.1.9+93d8cb8290
	- fabric-content-registries-v0 3.4.3+6064db2a90
	- fabric-convention-tags-v1 1.1.3+93d8cb8290
	- fabric-crash-report-info-v1 0.2.7+aeb40ebe90
	- fabric-data-generation-api-v1 5.3.1+ad31814d90
	- fabric-dimensions-v1 2.1.33+0d0f210290
	- fabric-entity-events-v1 1.5.2+9244241690
	- fabric-events-interaction-v0 0.4.30+c6af733c90
	- fabric-game-rule-api-v1 1.0.23+c6af733c90
	- fabric-gametest-api-v1 1.1.4+704e47e990
	- fabric-item-api-v1 1.6.1+fa140d5990
	- fabric-item-groups-v0 0.3.35+9244241690
	- fabric-key-binding-api-v1 1.0.23+aaaf9d3390
	- fabric-lifecycle-events-v1 2.2.2+9244241690
	- fabric-loot-api-v2 1.1.9+83a8659290
	- fabric-message-api-v1 5.0.5+93d8cb8290
	- fabric-mining-level-api-v1 2.1.20+33fbc73890
	- fabric-models-v0 0.3.19+c6af733c90
	- fabric-networking-api-v1 1.2.7+9244241690
	- fabric-object-builder-api-v1 4.1.2+06e0e25190
	- fabric-particles-v1 1.0.12+79adfe0a90
	- fabric-registry-sync-v0 0.9.28+9244241690
	- fabric-renderer-api-v1 1.0.14+12bfe4ea90
	- fabric-renderer-indigo 0.6.16+aeb40ebe90
	- fabric-rendering-data-attachment-v1 0.3.17+0d0f210290
	- fabric-rendering-fluids-v1 3.0.9+c6af733c90
	- fabric-rendering-v1 1.11.1+73145abb90
	- fabric-resource-conditions-api-v1 2.1.1+aae9039d90
	- fabric-resource-loader-v0 0.8.1+0d0f210290
	- fabric-screen-api-v1 1.0.29+0d0f210290
	- fabric-screen-handler-api-v1 1.3.3+1cc24b1b90
	- fabric-sound-api-v1 1.0.1+c4f28df590
	- fabric-textures-v0 1.0.22+aeb40ebe90
	- fabric-transfer-api-v1 2.1.3+9d081d6490
	- fabric-transitive-access-wideners-v1 1.3.2+42d99c3290
	- fabricloader 0.14.19
	- gilded_doom 2.2.3
	- impaled 1.1.4
	- java 17
	- minecraft 1.19.2
	- modmenu 4.2.0-beta.2
	- persistent_health_attributes 1.0.0
	- player_souls 1.0.0
	- tooltipfix 1.1.1-1.19
	- trinkets 3.4.2
[18:56:01] [main/INFO] (FabricLoader/Mixin) SpongePowered MIXIN Subsystem Version=0.8.5 Source=file:/C:/Users/yeet/.mcreator/gradle/caches/modules-2/files-2.1/net.fabricmc/sponge-mixin/0.12.4+mixin.0.8.5/e13b4069fe3555969811d4474f78576c707bbe1c/sponge-mixin-0.12.4+mixin.0.8.5.jar Service=Knot/Fabric Env=CLIENT
[18:56:02] [main/INFO] (FabricLoader/Mixin) Loaded Fabric development mappings for mixin remapper!
[18:56:02] [main/INFO] (FabricLoader/Mixin) Compatibility level set to JAVA_17
[18:56:11] [main/INFO] (Minecraft) Building optimized datafixer
[18:56:24] [Render thread/INFO] (Minecraft) Environment: authHost='https://authserver.mojang.com', accountsHost='https://api.mojang.com', sessionHost='https://sessionserver.mojang.com', servicesHost='https://api.minecraftservices.com', name='PROD'
[18:56:29] [Render thread/ERROR] (fabric-screen-api-v1) Failed to verify authentication
com.mojang.authlib.exceptions.InvalidCredentialsException: Status: 401
	at com.mojang.authlib.exceptions.MinecraftClientHttpException.toAuthenticationException(MinecraftClientHttpException.java:56) ~[authlib-3.11.49.jar:?]
	at com.mojang.authlib.yggdrasil.YggdrasilUserApiService.fetchProperties(YggdrasilUserApiService.java:155) ~[authlib-3.11.49.jar:?]
	at com.mojang.authlib.yggdrasil.YggdrasilUserApiService.<init>(YggdrasilUserApiService.java:55) ~[authlib-3.11.49.jar:?]
	at com.mojang.authlib.yggdrasil.YggdrasilAuthenticationService.createUserApiService(YggdrasilAuthenticationService.java:161) ~[authlib-3.11.49.jar:?]
	at net.minecraft.client.Minecraft.createUserApiService(Minecraft.java:711) [minecraft-project-@-merged-named.jar:?]
	at net.minecraft.client.Minecraft.<init>(Minecraft.java:431) [minecraft-project-@-merged-named.jar:?]
	at net.minecraft.client.main.Main.run(Main.java:205) [minecraft-project-@-merged-named.jar:?]
	at net.minecraft.client.main.Main.main(Main.java:51) [minecraft-project-@-merged-named.jar:?]
	at net.fabricmc.loader.impl.game.minecraft.MinecraftGameProvider.launch(MinecraftGameProvider.java:462) [fabric-loader-0.14.19.jar:?]
	at net.fabricmc.loader.impl.launch.knot.Knot.launch(Knot.java:74) [fabric-loader-0.14.19.jar:?]
	at net.fabricmc.loader.impl.launch.knot.KnotClient.main(KnotClient.java:23) [fabric-loader-0.14.19.jar:?]
	at net.fabricmc.devlaunchinjector.Main.main(Main.java:86) [dev-launch-injector-0.2.1+build.8.jar:?]
Caused by: com.mojang.authlib.exceptions.MinecraftClientHttpException: Status: 401
	at com.mojang.authlib.minecraft.client.MinecraftClient.readInputStream(MinecraftClient.java:85) ~[authlib-3.11.49.jar:?]
	at com.mojang.authlib.minecraft.client.MinecraftClient.get(MinecraftClient.java:48) ~[authlib-3.11.49.jar:?]
	at com.mojang.authlib.yggdrasil.YggdrasilUserApiService.fetchProperties(YggdrasilUserApiService.java:129) ~[authlib-3.11.49.jar:?]
	... 10 more
[18:56:29] [Render thread/INFO] (fabric-screen-api-v1) Setting user: Player655
[18:56:30] [Render thread/INFO] (PersistentHealthAttributesMod) Initializing PersistentHealthAttributesMod
[18:56:31] [Render thread/INFO] (PlayerSoulsMod) Initializing PlayerSoulsMod
[18:56:31] [Render thread/INFO] (GildedDoomMod) Initializing GildedDoomMod
[18:56:32] [Render thread/INFO] (Indigo) [Indigo] Registering Indigo renderer!
[18:56:35] [Worker-Main-12/INFO] (Mod Menu/Update Checker) Checking mod updates...
[18:56:36] [Worker-Main-12/INFO] (Mod Menu/Update Checker) Update available for 'appleskin@2.4.1+mc1.19', (-> 2.5.1+mc1.19.2)
[18:56:37] [Render thread/INFO] (fabric-screen-api-v1) Backend library: LWJGL version 3.3.1 SNAPSHOT
[18:56:45] [Worker-Main-13/ERROR] (Minecraft) Failed to retrieve profile key pair
java.io.IOException: Could not retrieve profile key pair
	at net.minecraft.client.multiplayer.ProfileKeyPairManager.fetchProfileKeyPair(ProfileKeyPairManager.java:130) ~[minecraft-project-@-merged-named.jar:?]
	at net.minecraft.client.multiplayer.ProfileKeyPairManager.method_44291(ProfileKeyPairManager.java:69) ~[minecraft-project-@-merged-named.jar:?]
	at java.util.concurrent.CompletableFuture$AsyncSupply.run(CompletableFuture.java:1768) [?:?]
	at java.util.concurrent.CompletableFuture$AsyncSupply.exec(CompletableFuture.java:1760) [?:?]
	at java.util.concurrent.ForkJoinTask.doExec(ForkJoinTask.java:373) [?:?]
	at java.util.concurrent.ForkJoinPool$WorkQueue.topLevelExec(ForkJoinPool.java:1182) [?:?]
	at java.util.concurrent.ForkJoinPool.scan(ForkJoinPool.java:1655) [?:?]
	at java.util.concurrent.ForkJoinPool.runWorker(ForkJoinPool.java:1622) [?:?]
	at java.util.concurrent.ForkJoinWorkerThread.run(ForkJoinWorkerThread.java:165) [?:?]
[18:56:46] [Render thread/INFO] (Minecraft) Reloading ResourceManager: Default, Fabric Mods (Fabric Renderer Registries (v1), Impaled, Fabric Rendering (v1), Persistent Health Attributes, Fabric Content Registries (v0), Fabric Renderer - Indigo, Enchancement, Fabric Networking (v0), Fabric Events Lifecycle (v0), Cloth Config v6, Fabric Lifecycle Events (v1), Fabric Transitive Access Wideners (v1), Fabric Textures (v0), Cardinal Components API (base), Fabric Resource Conditions API (v1), Fabric Item Groups (v0), Trinkets, Fabric Loader, Fabric Sound API (v1), Mod Menu, Fabric Data Generation API (v1), Fabric Screen Handler API (v1), ToolTip Fix, Fabric Rendering Fluids (v1), Fabric Mining Level API (v1), Fabric Renderer API (v1), Fabric Commands (v0), Fabric Loot Tables (v1), Fabric API, Fabric API Base, Fabric Game Rule API (v1), Fabric Key Binding API (v1), Fabric Loot API (v2), Fabric Rendering Data Attachment (v1), Fabric Rendering (v0), Fabric Events Interaction (v0), Cardinal Components API (entities), Fabric Item API (v1), Step Height Entity Attribute, Fabric Command API (v1), Fabric Registry Sync (v0), Fabric Game Test API (v1), Player Souls, Fabric Biome API (v1), Fabric Convention Tags, Fabric Networking API (v1), Gilded Doom, Fabric Crash Report Info (v1), Fabric API Lookup API (v1), Fabric Screen API (v1), Fabric Recipe API (v1), Fabric Resource Loader (v0), Fabric Command API (v2), Fabric Client Tags, Fabric Particles (v1), Fabric Object Builder API (v1), AppleSkin, Fabric Dimensions API (v1), Fabric Entity Events (v1), Fabric Transfer API (v1), Fabric Key Bindings (v0), Fabric Containers (v0), Cardinal Components API (worlds), MidnightLib, Fabric Models (v0), Fabric BlockRenderLayer Registration (v1), Fabric Message API (v1))
[18:56:46] [Render thread/INFO] (Minecraft) [STDOUT]: (MidnightLib) Player hats successfully loaded!
[18:56:47] [Realms Notification Availability checker #1/INFO] (Minecraft) Could not authorize you against Realms server: java.lang.RuntimeException: Failed to parse into SignedJWT: FabricMC
[18:57:01] [Worker-Bootstrap-9/INFO] (Minecraft) 4283 Datafixer optimizations took 49561 milliseconds
[18:57:03] [Render thread/WARN] (Minecraft) Missing sound for event: minecraft:item.goat_horn.play
[18:57:03] [Render thread/WARN] (Minecraft) Missing sound for event: minecraft:entity.goat.screaming.horn_break
[18:57:03] [Render thread/INFO] (Minecraft) OpenAL initialized on device OpenAL Soft on Speakers (5- Logi USB Headset)
[18:57:03] [Render thread/INFO] (Minecraft) Sound engine started
[18:57:03] [Render thread/INFO] (Minecraft) Created: 1024x1024x2 minecraft:textures/atlas/blocks.png-atlas
[18:57:04] [Render thread/INFO] (Minecraft) Created: 256x128x2 minecraft:textures/atlas/signs.png-atlas
[18:57:04] [Render thread/INFO] (Minecraft) Created: 1024x512x2 minecraft:textures/atlas/banner_patterns.png-atlas
[18:57:04] [Render thread/INFO] (Minecraft) Created: 1024x512x2 minecraft:textures/atlas/shield_patterns.png-atlas
[18:57:04] [Render thread/INFO] (Minecraft) Created: 256x256x2 minecraft:textures/atlas/chest.png-atlas
[18:57:04] [Render thread/INFO] (Minecraft) Created: 512x256x2 minecraft:textures/atlas/beds.png-atlas
[18:57:04] [Render thread/INFO] (Minecraft) Created: 512x256x2 minecraft:textures/atlas/shulker_boxes.png-atlas
[18:57:06] [Render thread/WARN] (Minecraft) Shader rendertype_entity_translucent_emissive could not find sampler named Sampler2 in the specified shader program.
[18:57:06] [Render thread/INFO] (Minecraft) Created: 512x256x0 minecraft:textures/atlas/particles.png-atlas
[18:57:06] [Render thread/INFO] (Minecraft) Created: 256x256x0 minecraft:textures/atlas/paintings.png-atlas
[18:57:06] [Render thread/INFO] (Minecraft) Created: 256x128x0 minecraft:textures/atlas/mob_effects.png-atlas
[18:57:20] [Render thread/INFO] (FabricRegistrySync) [fabric-registry-sync] Loaded registry data [file 1/4]
[18:57:22] [Render thread/ERROR] (Minecraft) Parsing error loading recipe gilded_doom:purgatory_alternative
com.google.gson.JsonSyntaxException: Unknown item 'gilded_doom:purgatory_dust'
	at net.minecraft.world.item.crafting.ShapedRecipe.method_17878(ShapedRecipe.java:253) ~[minecraft-project-@-merged-named.jar:?]
	at java.util.Optional.orElseThrow(Optional.java:403) ~[?:?]
	at net.minecraft.world.item.crafting.ShapedRecipe.itemFromJson(ShapedRecipe.java:253) ~[minecraft-project-@-merged-named.jar:?]
	at net.minecraft.world.item.crafting.Ingredient.valueFromJson(Ingredient.java:162) ~[minecraft-project-@-merged-named.jar:?]
	at net.minecraft.world.item.crafting.Ingredient.fromJson(Ingredient.java:145) ~[minecraft-project-@-merged-named.jar:?]
	at net.minecraft.world.item.crafting.ShapelessRecipe$Serializer.itemsFromJson(ShapelessRecipe.java:98) ~[minecraft-project-@-merged-named.jar:?]
	at net.minecraft.world.item.crafting.ShapelessRecipe$Serializer.fromJson(ShapelessRecipe.java:83) ~[minecraft-project-@-merged-named.jar:?]
	at net.minecraft.world.item.crafting.ShapelessRecipe$Serializer.fromJson(ShapelessRecipe.java:79) ~[minecraft-project-@-merged-named.jar:?]
	at net.minecraft.world.item.crafting.RecipeManager.fromJson(RecipeManager.java:135) ~[minecraft-project-@-merged-named.jar:?]
	at net.minecraft.world.item.crafting.RecipeManager.apply(RecipeManager.java:56) ~[minecraft-project-@-merged-named.jar:?]
	at net.minecraft.world.item.crafting.RecipeManager.apply(RecipeManager.java:35) ~[minecraft-project-@-merged-named.jar:?]
	at net.minecraft.server.packs.resources.SimplePreparableReloadListener.method_18790(SimplePreparableReloadListener.java:13) ~[minecraft-project-@-merged-named.jar:?]
	at java.util.concurrent.CompletableFuture$UniAccept.tryFire(CompletableFuture.java:718) ~[?:?]
	at java.util.concurrent.CompletableFuture$Completion.run(CompletableFuture.java:482) ~[?:?]
	at net.minecraft.server.packs.resources.SimpleReloadInstance.method_18365(SimpleReloadInstance.java:69) ~[minecraft-project-@-merged-named.jar:?]
	at net.minecraft.util.thread.BlockableEventLoop.doRunTask(BlockableEventLoop.java:157) ~[minecraft-project-@-merged-named.jar:?]
	at net.minecraft.util.thread.ReentrantBlockableEventLoop.doRunTask(ReentrantBlockableEventLoop.java:23) ~[minecraft-project-@-merged-named.jar:?]
	at net.minecraft.util.thread.BlockableEventLoop.pollTask(BlockableEventLoop.java:131) ~[minecraft-project-@-merged-named.jar:?]
	at net.minecraft.util.thread.BlockableEventLoop.managedBlock(BlockableEventLoop.java:140) ~[minecraft-project-@-merged-named.jar:?]
	at net.minecraft.client.gui.screens.worldselection.WorldOpenFlows.loadWorldStem(WorldOpenFlows.java:136) ~[minecraft-project-@-merged-named.jar:?]
	at net.minecraft.client.gui.screens.worldselection.WorldOpenFlows.loadWorldStem(WorldOpenFlows.java:117) ~[minecraft-project-@-merged-named.jar:?]
	at net.minecraft.client.gui.screens.worldselection.WorldOpenFlows.doLoadLevel(WorldOpenFlows.java:150) ~[minecraft-project-@-merged-named.jar:?]
	at net.minecraft.client.gui.screens.worldselection.WorldOpenFlows.loadLevel(WorldOpenFlows.java:57) ~[minecraft-project-@-merged-named.jar:?]
	at net.minecraft.client.gui.screens.worldselection.WorldSelectionList$WorldListEntry.loadWorld(WorldSelectionList.java:528) ~[minecraft-project-@-merged-named.jar:?]
	at net.minecraft.client.gui.screens.worldselection.WorldSelectionList$WorldListEntry.joinWorld(WorldSelectionList.java:436) ~[minecraft-project-@-merged-named.jar:?]
	at net.minecraft.client.gui.screens.worldselection.WorldSelectionList$WorldListEntry.mouseClicked(WorldSelectionList.java:372) ~[minecraft-project-@-merged-named.jar:?]
	at net.minecraft.client.gui.components.AbstractSelectionList.mouseClicked(AbstractSelectionList.java:372) ~[minecraft-project-@-merged-named.jar:?]
	at net.minecraft.client.gui.components.events.ContainerEventHandler.mouseClicked(ContainerEventHandler.java:27) ~[minecraft-project-@-merged-named.jar:?]
	at net.minecraft.client.MouseHandler.method_1611(MouseHandler.java:94) ~[minecraft-project-@-merged-named.jar:?]
	at net.minecraft.client.gui.screens.Screen.wrapScreenError(Screen.java:489) ~[minecraft-project-@-merged-named.jar:?]
	at net.minecraft.client.MouseHandler.onPress(MouseHandler.java:94) ~[minecraft-project-@-merged-named.jar:?]
	at net.minecraft.client.MouseHandler.method_22686(MouseHandler.java:165) ~[minecraft-project-@-merged-named.jar:?]
	at net.minecraft.util.thread.BlockableEventLoop.execute(BlockableEventLoop.java:103) ~[minecraft-project-@-merged-named.jar:?]
	at net.minecraft.client.MouseHandler.method_22684(MouseHandler.java:165) ~[minecraft-project-@-merged-named.jar:?]
	at org.lwjgl.glfw.GLFWMouseButtonCallbackI.callback(GLFWMouseButtonCallbackI.java:43) [lwjgl-glfw-3.3.1.jar:?]
	at org.lwjgl.system.JNI.invokeV(Native Method) ~[lwjgl-3.3.1.jar:?]
	at org.lwjgl.glfw.GLFW.glfwPollEvents(GLFW.java:3403) [lwjgl-glfw-3.3.1.jar:?]
	at com.mojang.blaze3d.systems.RenderSystem.flipFrame(RenderSystem.java:204) [minecraft-project-@-merged-named.jar:?]
	at com.mojang.blaze3d.platform.Window.updateDisplay(Window.java:315) [minecraft-project-@-merged-named.jar:?]
	at net.minecraft.client.Minecraft.runTick(Minecraft.java:1205) [minecraft-project-@-merged-named.jar:?]
	at net.minecraft.client.Minecraft.run(Minecraft.java:768) [minecraft-project-@-merged-named.jar:?]
	at net.minecraft.client.main.Main.run(Main.java:244) [minecraft-project-@-merged-named.jar:?]
	at net.minecraft.client.main.Main.main(Main.java:51) [minecraft-project-@-merged-named.jar:?]
	at net.fabricmc.loader.impl.game.minecraft.MinecraftGameProvider.launch(MinecraftGameProvider.java:462) [fabric-loader-0.14.19.jar:?]
	at net.fabricmc.loader.impl.launch.knot.Knot.launch(Knot.java:74) [fabric-loader-0.14.19.jar:?]
	at net.fabricmc.loader.impl.launch.knot.KnotClient.main(KnotClient.java:23) [fabric-loader-0.14.19.jar:?]
	at net.fabricmc.devlaunchinjector.Main.main(Main.java:86) [dev-launch-injector-0.2.1+build.8.jar:?]
[18:57:22] [Render thread/INFO] (Minecraft) Loaded 7 recipes
[18:57:23] [Render thread/INFO] (Minecraft) Loaded 1183 advancements
[18:57:27] [Render thread/INFO] (FabricRegistrySync) [fabric-registry-sync] Loaded registry data [file 1/4]
[18:57:27] [Render thread/ERROR] (Minecraft) Parsing error loading recipe gilded_doom:purgatory_alternative
com.google.gson.JsonSyntaxException: Unknown item 'gilded_doom:purgatory_dust'
	at net.minecraft.world.item.crafting.ShapedRecipe.method_17878(ShapedRecipe.java:253) ~[minecraft-project-@-merged-named.jar:?]
	at java.util.Optional.orElseThrow(Optional.java:403) ~[?:?]
	at net.minecraft.world.item.crafting.ShapedRecipe.itemFromJson(ShapedRecipe.java:253) ~[minecraft-project-@-merged-named.jar:?]
	at net.minecraft.world.item.crafting.Ingredient.valueFromJson(Ingredient.java:162) ~[minecraft-project-@-merged-named.jar:?]
	at net.minecraft.world.item.crafting.Ingredient.fromJson(Ingredient.java:145) ~[minecraft-project-@-merged-named.jar:?]
	at net.minecraft.world.item.crafting.ShapelessRecipe$Serializer.itemsFromJson(ShapelessRecipe.java:98) ~[minecraft-project-@-merged-named.jar:?]
	at net.minecraft.world.item.crafting.ShapelessRecipe$Serializer.fromJson(ShapelessRecipe.java:83) ~[minecraft-project-@-merged-named.jar:?]
	at net.minecraft.world.item.crafting.ShapelessRecipe$Serializer.fromJson(ShapelessRecipe.java:79) ~[minecraft-project-@-merged-named.jar:?]
	at net.minecraft.world.item.crafting.RecipeManager.fromJson(RecipeManager.java:135) ~[minecraft-project-@-merged-named.jar:?]
	at net.minecraft.world.item.crafting.RecipeManager.apply(RecipeManager.java:56) ~[minecraft-project-@-merged-named.jar:?]
	at net.minecraft.world.item.crafting.RecipeManager.apply(RecipeManager.java:35) ~[minecraft-project-@-merged-named.jar:?]
	at net.minecraft.server.packs.resources.SimplePreparableReloadListener.method_18790(SimplePreparableReloadListener.java:13) ~[minecraft-project-@-merged-named.jar:?]
	at java.util.concurrent.CompletableFuture$UniAccept.tryFire(CompletableFuture.java:718) ~[?:?]
	at java.util.concurrent.CompletableFuture$Completion.run(CompletableFuture.java:482) ~[?:?]
	at net.minecraft.server.packs.resources.SimpleReloadInstance.method_18365(SimpleReloadInstance.java:69) ~[minecraft-project-@-merged-named.jar:?]
	at net.minecraft.util.thread.BlockableEventLoop.doRunTask(BlockableEventLoop.java:157) ~[minecraft-project-@-merged-named.jar:?]
	at net.minecraft.util.thread.ReentrantBlockableEventLoop.doRunTask(ReentrantBlockableEventLoop.java:23) ~[minecraft-project-@-merged-named.jar:?]
	at net.minecraft.util.thread.BlockableEventLoop.pollTask(BlockableEventLoop.java:131) ~[minecraft-project-@-merged-named.jar:?]
	at net.minecraft.util.thread.BlockableEventLoop.managedBlock(BlockableEventLoop.java:140) ~[minecraft-project-@-merged-named.jar:?]
	at net.minecraft.client.gui.screens.worldselection.WorldOpenFlows.loadWorldStem(WorldOpenFlows.java:136) ~[minecraft-project-@-merged-named.jar:?]
	at net.minecraft.client.gui.screens.worldselection.WorldOpenFlows.loadWorldStem(WorldOpenFlows.java:117) ~[minecraft-project-@-merged-named.jar:?]
	at net.minecraft.client.gui.screens.worldselection.WorldOpenFlows.doLoadLevel(WorldOpenFlows.java:150) ~[minecraft-project-@-merged-named.jar:?]
	at net.minecraft.client.gui.screens.worldselection.WorldOpenFlows.method_41897(WorldOpenFlows.java:164) ~[minecraft-project-@-merged-named.jar:?]
	at net.minecraft.client.gui.screens.worldselection.WorldOpenFlows.method_41896(WorldOpenFlows.java:230) ~[minecraft-project-@-merged-named.jar:?]
	at net.minecraft.client.gui.screens.BackupConfirmScreen.method_19792(BackupConfirmScreen.java:36) ~[minecraft-project-@-merged-named.jar:?]
	at net.minecraft.client.gui.components.Button.onPress(Button.java:43) ~[minecraft-project-@-merged-named.jar:?]
	at net.minecraft.client.gui.components.AbstractButton.onClick(AbstractButton.java:16) ~[minecraft-project-@-merged-named.jar:?]
	at net.minecraft.client.gui.components.AbstractWidget.mouseClicked(AbstractWidget.java:120) ~[minecraft-project-@-merged-named.jar:?]
	at net.minecraft.client.gui.components.events.ContainerEventHandler.mouseClicked(ContainerEventHandler.java:27) ~[minecraft-project-@-merged-named.jar:?]
	at net.minecraft.client.MouseHandler.method_1611(MouseHandler.java:94) ~[minecraft-project-@-merged-named.jar:?]
	at net.minecraft.client.gui.screens.Screen.wrapScreenError(Screen.java:489) ~[minecraft-project-@-merged-named.jar:?]
	at net.minecraft.client.MouseHandler.onPress(MouseHandler.java:94) ~[minecraft-project-@-merged-named.jar:?]
	at net.minecraft.client.MouseHandler.method_22686(MouseHandler.java:165) ~[minecraft-project-@-merged-named.jar:?]
	at net.minecraft.util.thread.BlockableEventLoop.execute(BlockableEventLoop.java:103) ~[minecraft-project-@-merged-named.jar:?]
	at net.minecraft.client.MouseHandler.method_22684(MouseHandler.java:165) ~[minecraft-project-@-merged-named.jar:?]
	at org.lwjgl.glfw.GLFWMouseButtonCallbackI.callback(GLFWMouseButtonCallbackI.java:43) [lwjgl-glfw-3.3.1.jar:?]
	at org.lwjgl.system.JNI.invokeV(Native Method) ~[lwjgl-3.3.1.jar:?]
	at org.lwjgl.glfw.GLFW.glfwWaitEventsTimeout(GLFW.java:3474) [lwjgl-glfw-3.3.1.jar:?]
	at com.mojang.blaze3d.systems.RenderSystem.limitDisplayFPS(RenderSystem.java:222) [minecraft-project-@-merged-named.jar:?]
	at net.minecraft.client.Minecraft.runTick(Minecraft.java:1208) [minecraft-project-@-merged-named.jar:?]
	at net.minecraft.client.Minecraft.run(Minecraft.java:768) [minecraft-project-@-merged-named.jar:?]
	at net.minecraft.client.main.Main.run(Main.java:244) [minecraft-project-@-merged-named.jar:?]
	at net.minecraft.client.main.Main.main(Main.java:51) [minecraft-project-@-merged-named.jar:?]
	at net.fabricmc.loader.impl.game.minecraft.MinecraftGameProvider.launch(MinecraftGameProvider.java:462) [fabric-loader-0.14.19.jar:?]
	at net.fabricmc.loader.impl.launch.knot.Knot.launch(Knot.java:74) [fabric-loader-0.14.19.jar:?]
	at net.fabricmc.loader.impl.launch.knot.KnotClient.main(KnotClient.java:23) [fabric-loader-0.14.19.jar:?]
	at net.fabricmc.devlaunchinjector.Main.main(Main.java:86) [dev-launch-injector-0.2.1+build.8.jar:?]
[18:57:27] [Render thread/INFO] (Minecraft) Loaded 7 recipes
[18:57:27] [Render thread/INFO] (Minecraft) Loaded 1183 advancements
[18:57:28] [Worker-Main-12/ERROR] (Minecraft) Failed to retrieve profile key pair
java.io.IOException: Could not retrieve profile key pair
	at net.minecraft.client.multiplayer.ProfileKeyPairManager.fetchProfileKeyPair(ProfileKeyPairManager.java:130) ~[minecraft-project-@-merged-named.jar:?]
	at net.minecraft.client.multiplayer.ProfileKeyPairManager.method_44291(ProfileKeyPairManager.java:69) ~[minecraft-project-@-merged-named.jar:?]
	at java.util.concurrent.CompletableFuture$AsyncSupply.run(CompletableFuture.java:1768) [?:?]
	at java.util.concurrent.CompletableFuture$AsyncSupply.exec(CompletableFuture.java:1760) [?:?]
	at java.util.concurrent.ForkJoinTask.doExec(ForkJoinTask.java:373) [?:?]
	at java.util.concurrent.ForkJoinPool$WorkQueue.topLevelExec(ForkJoinPool.java:1182) [?:?]
	at java.util.concurrent.ForkJoinPool.scan(ForkJoinPool.java:1655) [?:?]
	at java.util.concurrent.ForkJoinPool.runWorker(ForkJoinPool.java:1622) [?:?]
	at java.util.concurrent.ForkJoinWorkerThread.run(ForkJoinWorkerThread.java:165) [?:?]
[18:57:28] [Render thread/INFO] (BiomeModificationImpl) Applied 252 biome modifications to 63 of 63 new biomes in 33.21 ms
[18:57:28] [Server thread/INFO] (Minecraft) Starting integrated minecraft server version 1.19.2
[18:57:28] [Server thread/INFO] (Minecraft) Generating keypair
[18:57:29] [Server thread/INFO] (Minecraft) Preparing start region for dimension minecraft:overworld
[18:57:33] [Render thread/INFO] (Minecraft) Preparing spawn area: 0%
[18:57:33] [Render thread/INFO] (Minecraft) Preparing spawn area: 0%
[18:57:33] [Render thread/INFO] (Minecraft) Preparing spawn area: 0%
[18:57:33] [Render thread/INFO] (Minecraft) Preparing spawn area: 0%
[18:57:33] [Render thread/INFO] (Minecraft) Preparing spawn area: 0%
[18:57:33] [Render thread/INFO] (Minecraft) Preparing spawn area: 0%
[18:57:33] [Render thread/INFO] (Minecraft) Preparing spawn area: 0%
[18:57:33] [Render thread/INFO] (Minecraft) Preparing spawn area: 0%
[18:57:33] [Render thread/INFO] (Minecraft) Preparing spawn area: 0%
[18:57:33] [Render thread/INFO] (Minecraft) Preparing spawn area: 1%
[18:57:34] [Render thread/INFO] (Minecraft) Preparing spawn area: 23%
[18:57:34] [Render thread/INFO] (Minecraft) Preparing spawn area: 29%
[18:57:35] [Render thread/INFO] (Minecraft) Preparing spawn area: 68%
[18:57:35] [Render thread/INFO] (Minecraft) Preparing spawn area: 85%
[18:57:36] [Render thread/INFO] (Minecraft) Time elapsed: 6751 ms
[18:57:36] [Server thread/INFO] (Minecraft) Changing view distance to 12, from 10
[18:57:36] [Server thread/INFO] (Minecraft) Changing simulation distance to 12, from 0
[18:57:39] [Server thread/INFO] (Minecraft) Player655[local:E:de5f237b] logged in with entity id 38 at (195.18560859017893, -57.902605943966506, 284.3499095695434)
[18:57:40] [Server thread/INFO] (Minecraft) Player655 joined the game
[18:57:40] [Server thread/INFO] (Minecraft) Player655 has completed the challenge [Cover Me in Debris]
[18:57:40] [Server thread/INFO] (Minecraft) Player655 has completed the challenge [Cover Me In Riches]
[18:57:43] [Render thread/INFO] (Minecraft) [System] [CHAT] Player655 has completed the challenge [Cover Me in Debris]
[18:57:43] [Render thread/INFO] (Minecraft) Loaded 16 advancements
[18:57:43] [Render thread/INFO] (Minecraft) [System] [CHAT] Player655 has completed the challenge [Cover Me In Riches]
[18:57:43] [Render thread/INFO] (Minecraft) Loaded 16 advancements
[18:57:56] [Server thread/INFO] (Minecraft) Player655 has made the advancement [Monster Hunter]
[18:57:56] [Render thread/INFO] (Minecraft) [System] [CHAT] Player655 has made the advancement [Monster Hunter]
[18:57:56] [Render thread/INFO] (Minecraft) Loaded 42 advancements
[18:59:08] [Server thread/INFO] (Minecraft) [Player655: Gamerule book_unlocked is now set to: false]
[18:59:08] [Render thread/INFO] (Minecraft) [System] [CHAT] Gamerule book_unlocked is now set to: false
[18:59:09] [Render thread/INFO] (Minecraft) [System] [CHAT] You sense a demonic presence rise from an unknown place to The Mortal Realm. — one has summoned the Deal, but cannot claim it. ..-. --- .-. / -. --- .--
[19:00:58] [Server thread/INFO] (Minecraft) [Player655: Gave 1 [§6Book of Gilded Banishment] to Player655]
[19:00:58] [Render thread/INFO] (Minecraft) [System] [CHAT] Gave 1 [§6Book of Gilded Banishment] to Player655
[19:02:22] [Server thread/INFO] (Minecraft) Saving and pausing game...
[19:02:22] [Server thread/INFO] (Minecraft) Saving chunks for level 'ServerLevel[New World]'/minecraft:overworld
[19:02:22] [Server thread/INFO] (Minecraft) Saving chunks for level 'ServerLevel[New World]'/minecraft:the_end
[19:02:22] [Server thread/INFO] (Minecraft) Saving chunks for level 'ServerLevel[New World]'/gilded_doom:purgatory_dimension
[19:02:22] [Server thread/INFO] (Minecraft) Saving chunks for level 'ServerLevel[New World]'/minecraft:the_nether
[19:16:09] [Render thread/INFO] (fabric-screen-api-v1) Stopping!
[19:16:09] [Server thread/INFO] (Minecraft) Player655 lost connection: Disconnected
[19:16:09] [Server thread/INFO] (Minecraft) Player655 left the game
[19:16:09] [Server thread/INFO] (Minecraft) Stopping singleplayer server as player logged out
[19:16:09] [Server thread/INFO] (Minecraft) Stopping server
[19:16:09] [Server thread/INFO] (Minecraft) Saving players
[19:16:09] [Server thread/INFO] (Minecraft) Saving worlds
[19:16:12] [Server thread/INFO] (Minecraft) Saving chunks for level 'ServerLevel[New World]'/minecraft:overworld
[19:16:12] [Server thread/INFO] (Minecraft) Saving chunks for level 'ServerLevel[New World]'/minecraft:the_end
[19:16:12] [Server thread/INFO] (Minecraft) Saving chunks for level 'ServerLevel[New World]'/gilded_doom:purgatory_dimension
[19:16:12] [Server thread/INFO] (Minecraft) Saving chunks for level 'ServerLevel[New World]'/minecraft:the_nether
[19:16:12] [Server thread/INFO] (Minecraft) ThreadedAnvilChunkStorage (New World (8)): All chunks are saved
[19:16:12] [Server thread/INFO] (Minecraft) ThreadedAnvilChunkStorage (DIM1): All chunks are saved
[19:16:12] [Server thread/INFO] (Minecraft) ThreadedAnvilChunkStorage (purgatory_dimension): All chunks are saved
[19:16:12] [Server thread/INFO] (Minecraft) ThreadedAnvilChunkStorage (DIM-1): All chunks are saved
[19:16:12] [Server thread/INFO] (Minecraft) ThreadedAnvilChunkStorage: All dimensions are saved
